--------------------------------------------------------------------------------
Release 14.7 Trace  (nt64)
Copyright (c) 1995-2013 Xilinx, Inc.  All rights reserved.

D:\ISE\14.7\ISE_DS\ISE\bin\nt64\unwrapped\trce.exe -intstyle ise -v 3 -s 5 -n 3
-fastpaths -xml control.twx control.ncd -o control.twr control.pcf

Design file:              control.ncd
Physical constraint file: control.pcf
Device,package,speed:     xc3s400,pq208,-5 (PRODUCTION 1.39 2013-10-13)
Report level:             verbose report

Environment Variable      Effect 
--------------------      ------ 
NONE                      No environment variables were set
--------------------------------------------------------------------------------

INFO:Timing:2698 - No timing constraints found, doing default enumeration.
INFO:Timing:3412 - To improve timing, see the Timing Closure User Guide (UG612).
INFO:Timing:2752 - To get complete path coverage, use the unconstrained paths 
   option. All paths that are not constrained will be reported in the 
   unconstrained paths section(s) of the report.
INFO:Timing:3339 - The clock-to-out numbers in this timing report are based on 
   a 50 Ohm transmission line loading model.  For the details of this model, 
   and for more information on accounting for different loading conditions, 
   please see the device datasheet.
INFO:Timing:3390 - This architecture does not support a default System Jitter 
   value, please add SYSTEM_JITTER constraint to the UCF to modify the Clock 
   Uncertainty calculation.
INFO:Timing:3389 - This architecture does not support 'Discrete Jitter' and 
   'Phase Error' calculations, these terms will be zero in the Clock 
   Uncertainty calculation.  Please make appropriate modification to 
   SYSTEM_JITTER to account for the unsupported Discrete Jitter and Phase 
   Error.



Data Sheet report:
-----------------
All values displayed in nanoseconds (ns)

Setup/Hold to clock clock
------------+------------+------------+------------------+--------+
            |Max Setup to|Max Hold to |                  | Clock  |
Source      | clk (edge) | clk (edge) |Internal Clock(s) | Phase  |
------------+------------+------------+------------------+--------+
change<0>   |    5.923(R)|   -0.034(R)|clock_BUFGP       |   0.000|
change<1>   |    4.439(R)|    0.044(R)|clock_BUFGP       |   0.000|
hooshyari<0>|    8.164(R)|   -2.426(R)|clock_BUFGP       |   0.000|
hooshyari<1>|    9.058(R)|   -0.786(R)|clock_BUFGP       |   0.000|
hooshyari<2>|    9.879(R)|   -1.574(R)|clock_BUFGP       |   0.000|
speed<0>    |    9.053(R)|   -0.214(R)|clock_BUFGP       |   0.000|
speed<1>    |   11.043(R)|   -0.296(R)|clock_BUFGP       |   0.000|
speed<2>    |    9.540(R)|   -0.296(R)|clock_BUFGP       |   0.000|
speed<3>    |    9.644(R)|   -0.296(R)|clock_BUFGP       |   0.000|
speed<4>    |    7.745(R)|   -0.279(R)|clock_BUFGP       |   0.000|
speed<5>    |    7.114(R)|   -0.279(R)|clock_BUFGP       |   0.000|
speed<6>    |    4.389(R)|   -0.279(R)|clock_BUFGP       |   0.000|
speed<7>    |    4.804(R)|   -0.279(R)|clock_BUFGP       |   0.000|
vfeli<0>    |    5.615(R)|   -0.332(R)|clock_BUFGP       |   0.000|
vfeli<1>    |    6.050(R)|   -0.733(R)|clock_BUFGP       |   0.000|
vfeli<2>    |    5.964(R)|   -0.661(R)|clock_BUFGP       |   0.000|
vfeli<3>    |    5.003(R)|   -0.146(R)|clock_BUFGP       |   0.000|
vfeli<4>    |    6.223(R)|   -1.951(R)|clock_BUFGP       |   0.000|
vfeli<5>    |    5.707(R)|   -0.439(R)|clock_BUFGP       |   0.000|
vfeli<6>    |    4.567(R)|   -0.723(R)|clock_BUFGP       |   0.000|
vfeli<7>    |    3.931(R)|    0.894(R)|clock_BUFGP       |   0.000|
------------+------------+------------+------------------+--------+

Clock clock to Pad
------------+------------+------------------+--------+
            | clk (edge) |                  | Clock  |
Destination |   to PAD   |Internal Clock(s) | Phase  |
------------+------------+------------------+--------+
eq          |    6.424(R)|clock_BUFGP       |   0.000|
eq1         |    6.424(R)|clock_BUFGP       |   0.000|
gt          |    6.424(R)|clock_BUFGP       |   0.000|
gt1         |    6.424(R)|clock_BUFGP       |   0.000|
lt          |    6.424(R)|clock_BUFGP       |   0.000|
lt1         |    6.424(R)|clock_BUFGP       |   0.000|
pashesh<0>  |   12.679(R)|clock_BUFGP       |   0.000|
pashesh<1>  |   13.354(R)|clock_BUFGP       |   0.000|
pashesh<2>  |   11.830(R)|clock_BUFGP       |   0.000|
tormoz      |   11.340(R)|clock_BUFGP       |   0.000|
vfelinew<0> |   13.904(R)|clock_BUFGP       |   0.000|
vfelinew<1> |   16.080(R)|clock_BUFGP       |   0.000|
vfelinew<2> |   16.875(R)|clock_BUFGP       |   0.000|
vfelinew<3> |   17.470(R)|clock_BUFGP       |   0.000|
vfelinew<4> |   17.137(R)|clock_BUFGP       |   0.000|
vfelinew<5> |   17.947(R)|clock_BUFGP       |   0.000|
vfelinew<6> |   17.640(R)|clock_BUFGP       |   0.000|
vfelinew<7> |   17.646(R)|clock_BUFGP       |   0.000|
vout1<0>    |    6.424(R)|clock_BUFGP       |   0.000|
vout1<1>    |    6.424(R)|clock_BUFGP       |   0.000|
vout1<2>    |    6.424(R)|clock_BUFGP       |   0.000|
vout1<3>    |    6.424(R)|clock_BUFGP       |   0.000|
vout1<4>    |    6.424(R)|clock_BUFGP       |   0.000|
vout1<5>    |    6.424(R)|clock_BUFGP       |   0.000|
vout1<6>    |    6.424(R)|clock_BUFGP       |   0.000|
vout1<7>    |    6.424(R)|clock_BUFGP       |   0.000|
vout<0>     |    7.550(R)|clock_BUFGP       |   0.000|
vout<1>     |    6.878(R)|clock_BUFGP       |   0.000|
vout<2>     |    6.907(R)|clock_BUFGP       |   0.000|
vout<3>     |    6.878(R)|clock_BUFGP       |   0.000|
vout<4>     |    7.837(R)|clock_BUFGP       |   0.000|
vout<5>     |    7.218(R)|clock_BUFGP       |   0.000|
vout<6>     |    7.218(R)|clock_BUFGP       |   0.000|
vout<7>     |    7.218(R)|clock_BUFGP       |   0.000|
------------+------------+------------------+--------+

Clock to Setup on destination clock clock
---------------+---------+---------+---------+---------+
               | Src:Rise| Src:Fall| Src:Rise| Src:Fall|
Source Clock   |Dest:Rise|Dest:Rise|Dest:Fall|Dest:Fall|
---------------+---------+---------+---------+---------+
clock          |    4.773|         |         |         |
---------------+---------+---------+---------+---------+

Pad to Pad
---------------+---------------+---------+
Source Pad     |Destination Pad|  Delay  |
---------------+---------------+---------+
change<0>      |changewire<0>  |   10.031|
change<0>      |changewire<1>  |   10.959|
change<1>      |changewire<1>  |   10.862|
hooshyari<0>   |changewire<0>  |   12.272|
hooshyari<0>   |changewire<1>  |   13.949|
hooshyari<0>   |tormoz         |   10.048|
hooshyari<0>   |vfelinew<0>    |   14.426|
hooshyari<0>   |vfelinew<1>    |   15.243|
hooshyari<0>   |vfelinew<2>    |   16.192|
hooshyari<0>   |vfelinew<3>    |   17.326|
hooshyari<0>   |vfelinew<4>    |   17.183|
hooshyari<0>   |vfelinew<5>    |   17.993|
hooshyari<0>   |vfelinew<6>    |   17.686|
hooshyari<0>   |vfelinew<7>    |   17.692|
hooshyari<1>   |changewire<0>  |   10.392|
hooshyari<1>   |changewire<1>  |   15.481|
hooshyari<1>   |pashesh<0>     |   14.744|
hooshyari<1>   |pashesh<1>     |   14.969|
hooshyari<1>   |pashesh<2>     |   11.280|
hooshyari<1>   |tormoz         |    8.833|
hooshyari<1>   |vfelinew<0>    |   13.391|
hooshyari<1>   |vfelinew<1>    |   14.747|
hooshyari<1>   |vfelinew<2>    |   15.409|
hooshyari<1>   |vfelinew<3>    |   16.316|
hooshyari<1>   |vfelinew<4>    |   16.173|
hooshyari<1>   |vfelinew<5>    |   16.983|
hooshyari<1>   |vfelinew<6>    |   16.676|
hooshyari<1>   |vfelinew<7>    |   16.682|
hooshyari<2>   |changewire<0>  |   11.271|
hooshyari<2>   |changewire<1>  |   16.302|
hooshyari<2>   |pashesh<0>     |   15.565|
hooshyari<2>   |pashesh<1>     |   15.790|
hooshyari<2>   |pashesh<2>     |   12.151|
hooshyari<2>   |tormoz         |   10.055|
hooshyari<2>   |vfelinew<0>    |   14.212|
hooshyari<2>   |vfelinew<1>    |   15.568|
hooshyari<2>   |vfelinew<2>    |   16.230|
hooshyari<2>   |vfelinew<3>    |   17.137|
hooshyari<2>   |vfelinew<4>    |   16.994|
hooshyari<2>   |vfelinew<5>    |   17.804|
hooshyari<2>   |vfelinew<6>    |   17.497|
hooshyari<2>   |vfelinew<7>    |   17.503|
speed<0>       |vfelinew<0>    |    8.145|
speed<1>       |vfelinew<1>    |   10.441|
speed<2>       |vfelinew<2>    |   10.519|
speed<3>       |vfelinew<3>    |   10.428|
speed<4>       |vfelinew<4>    |   10.828|
speed<5>       |vfelinew<5>    |   11.787|
speed<6>       |vfelinew<6>    |   10.698|
speed<7>       |vfelinew<7>    |    9.520|
vfeli<0>       |vfelinew<0>    |    8.206|
vfeli<0>       |vfelinew<1>    |    9.562|
vfeli<0>       |vfelinew<2>    |    9.971|
vfeli<0>       |vfelinew<3>    |   10.566|
vfeli<0>       |vfelinew<4>    |   10.233|
vfeli<0>       |vfelinew<5>    |   11.043|
vfeli<0>       |vfelinew<6>    |   10.736|
vfeli<0>       |vfelinew<7>    |   10.742|
vfeli<1>       |vfelinew<1>    |    9.915|
vfeli<1>       |vfelinew<2>    |   10.710|
vfeli<1>       |vfelinew<3>    |   11.305|
vfeli<1>       |vfelinew<4>    |   10.972|
vfeli<1>       |vfelinew<5>    |   11.782|
vfeli<1>       |vfelinew<6>    |   11.475|
vfeli<1>       |vfelinew<7>    |   11.481|
vfeli<2>       |vfelinew<2>    |   10.671|
vfeli<2>       |vfelinew<3>    |   11.805|
vfeli<2>       |vfelinew<4>    |   11.662|
vfeli<2>       |vfelinew<5>    |   12.472|
vfeli<2>       |vfelinew<6>    |   12.165|
vfeli<2>       |vfelinew<7>    |   12.171|
vfeli<3>       |vfelinew<3>    |   10.821|
vfeli<3>       |vfelinew<4>    |   11.064|
vfeli<3>       |vfelinew<5>    |   11.874|
vfeli<3>       |vfelinew<6>    |   11.567|
vfeli<3>       |vfelinew<7>    |   11.573|
vfeli<4>       |vfelinew<4>    |   10.266|
vfeli<4>       |vfelinew<5>    |   11.577|
vfeli<4>       |vfelinew<6>    |   11.460|
vfeli<4>       |vfelinew<7>    |   11.466|
vfeli<5>       |vfelinew<5>    |   10.886|
vfeli<5>       |vfelinew<6>    |   11.155|
vfeli<5>       |vfelinew<7>    |   11.161|
vfeli<6>       |vfelinew<6>    |   10.808|
vfeli<6>       |vfelinew<7>    |   11.104|
vfeli<7>       |vfelinew<7>    |   10.274|
---------------+---------------+---------+


Analysis completed Sat Sep 19 19:59:37 2020 
--------------------------------------------------------------------------------

Trace Settings:
-------------------------
Trace Settings 

Peak Memory Usage: 4491 MB



